# JRE version: OpenJDK Runtime Environment (11.0.15) (build 11.0.15+0-b2043.56-9505619)
# Java VM: OpenJDK 64-Bit Server VM (11.0.15+0-b2043.56-9505619, mixed mode, tiered, compressed oops, g1 gc, windows-amd64)
Heap:
 garbage-first heap   total 129024K, used 28674K [0x0000000082400000, 0x0000000100000000)
  region size 1024K, 9 young (9216K), 6 survivors (6144K)
 Metaspace       used 45196K, capacity 45704K, committed 45820K, reserved 1089536K
  class space    used 5359K, capacity 5564K, committed 5680K, reserved 1048576K
GC Heap History (10 events):
Event: 0.650 GC heap before
{Heap before GC invocations=0 (full 0):
 garbage-first heap   total 129024K, used 28672K [0x0000000082400000, 0x0000000100000000)
  region size 1024K, 24 young (24576K), 0 survivors (0K)
 Metaspace       used 11782K, capacity 11890K, committed 12160K, reserved 1060864K
  class space    used 1076K, capacity 1109K, committed 1152K, reserved 1048576K
}
Event: 0.653 GC heap after
{Heap after GC invocations=1 (full 0):
 garbage-first heap   total 129024K, used 6781K [0x0000000082400000, 0x0000000100000000)
  region size 1024K, 3 young (3072K), 3 survivors (3072K)
 Metaspace       used 11782K, capacity 11890K, committed 12160K, reserved 1060864K
  class space    used 1076K, capacity 1109K, committed 1152K, reserved 1048576K
}
Event: 1.416 GC heap before
{Heap before GC invocations=1 (full 0):
 garbage-first heap   total 129024K, used 44669K [0x0000000082400000, 0x0000000100000000)
  region size 1024K, 41 young (41984K), 3 survivors (3072K)
 Metaspace       used 20996K, capacity 21199K, committed 21296K, reserved 1069056K
  class space    used 2228K, capacity 2308K, committed 2352K, reserved 1048576K
}
Event: 1.429 GC heap after
{Heap after GC invocations=2 (full 0):
 garbage-first heap   total 129024K, used 10554K [0x0000000082400000, 0x0000000100000000)
  region size 1024K, 7 young (7168K), 7 survivors (7168K)
 Metaspace       used 20996K, capacity 21199K, committed 21296K, reserved 1069056K
  class space    used 2228K, capacity 2308K, committed 2352K, reserved 1048576K
}
Event: 2.649 GC heap before
{Heap before GC invocations=3 (full 0):
 garbage-first heap   total 129024K, used 68922K [0x0000000082400000, 0x0000000100000000)
  region size 1024K, 58 young (59392K), 7 survivors (7168K)
 Metaspace       used 33406K, capacity 33858K, committed 34096K, reserved 1079296K
  class space    used 4141K, capacity 4305K, committed 4400K, reserved 1048576K
}
Event: 2.674 GC heap after
{Heap after GC invocations=4 (full 0):
 garbage-first heap   total 129024K, used 22873K [0x0000000082400000, 0x0000000100000000)
  region size 1024K, 8 young (8192K), 8 survivors (8192K)
 Metaspace       used 33406K, capacity 33858K, committed 34096K, reserved 1079296K
  class space    used 4141K, capacity 4305K, committed 4400K, reserved 1048576K
}
Event: 2.873 GC heap before
{Heap before GC invocations=4 (full 0):
 garbage-first heap   total 129024K, used 33113K [0x0000000082400000, 0x0000000100000000)
  region size 1024K, 19 young (19456K), 8 survivors (8192K)
 Metaspace       used 35285K, capacity 35661K, committed 35708K, reserved 1081344K
  class space    used 4334K, capacity 4501K, committed 4528K, reserved 1048576K
}
Event: 2.888 GC heap after
{Heap after GC invocations=5 (full 0):
 garbage-first heap   total 129024K, used 25931K [0x0000000082400000, 0x0000000100000000)
  region size 1024K, 3 young (3072K), 3 survivors (3072K)
 Metaspace       used 35285K, capacity 35661K, committed 35708K, reserved 1081344K
  class space    used 4334K, capacity 4501K, committed 4528K, reserved 1048576K
}
Event: 3.789 GC heap before
{Heap before GC invocations=6 (full 0):
 garbage-first heap   total 129024K, used 68939K [0x0000000082400000, 0x0000000100000000)
  region size 1024K, 45 young (46080K), 3 survivors (3072K)
 Metaspace       used 44419K, capacity 44861K, committed 45180K, reserved 1089536K
  class space    used 5241K, capacity 5432K, committed 5552K, reserved 1048576K
}
Event: 3.801 GC heap after
{Heap after GC invocations=7 (full 0):
 garbage-first heap   total 129024K, used 26626K [0x0000000082400000, 0x0000000100000000)
  region size 1024K, 6 young (6144K), 6 survivors (6144K)
 Metaspace       used 44419K, capacity 44861K, committed 45180K, reserved 1089536K
  class space    used 5241K, capacity 5432K, committed 5552K, reserved 1048576K
}

